<?xml version="1.0" encoding="UTF-8"?>
<robot generator="Robot 4.1.2 (Python 3.8.10 on linux)" generated="20211214 16:53:12.757" rpa="false" schemaversion="2">
<suite id="s1" name="Test" source="/home/adla/PycharmProjects/API_test/test.robot">
<test id="s1-t1" name="Open Deriv">
<kw name="Login" library="common">
<arg>${my_email}</arg>
<arg>${my_pw}</arg>
<kw name="Open Browser" library="SeleniumLibrary">
<arg>url=https://app.deriv.com</arg>
<arg>browser=chrome</arg>
<doc>Opens a new browser instance to the optional ``url``.</doc>
<msg timestamp="20211214 16:53:12.840" level="INFO">Opening browser 'chrome' to base url 'https://app.deriv.com'.</msg>
<status status="PASS" starttime="20211214 16:53:12.840" endtime="20211214 16:53:24.456"/>
</kw>
<kw name="Wait Until Page Does Not Contain Element" library="SeleniumLibrary">
<arg>dt_core_header_acc-info-preloader</arg>
<arg>60</arg>
<doc>Waits until the element ``locator`` disappears from the current page.</doc>
<status status="PASS" starttime="20211214 16:53:24.456" endtime="20211214 16:53:24.482"/>
</kw>
<kw name="Wait Until Page Contains Element" library="SeleniumLibrary">
<arg>${login_btn}</arg>
<arg>60</arg>
<doc>Waits until the element ``locator`` appears on the current page.</doc>
<status status="PASS" starttime="20211214 16:53:24.482" endtime="20211214 16:53:24.491"/>
</kw>
<kw name="Click Element" library="SeleniumLibrary">
<arg>${login_btn}</arg>
<doc>Click the element identified by ``locator``.</doc>
<msg timestamp="20211214 16:53:24.491" level="INFO">Clicking element 'dt_login_button'.</msg>
<status status="PASS" starttime="20211214 16:53:24.491" endtime="20211214 16:53:24.552"/>
</kw>
<kw name="Wait Until Page Contains Element" library="SeleniumLibrary">
<arg>${email_field}</arg>
<arg>15</arg>
<doc>Waits until the element ``locator`` appears on the current page.</doc>
<status status="PASS" starttime="20211214 16:53:24.552" endtime="20211214 16:53:28.850"/>
</kw>
<kw name="Input Text" library="SeleniumLibrary">
<arg>${email_field}</arg>
<arg>${email}</arg>
<doc>Types the given ``text`` into the text field identified by ``locator``.</doc>
<msg timestamp="20211214 16:53:28.851" level="INFO">Typing text 'adla@besquare.com.my' into text field 'name=email'.</msg>
<status status="PASS" starttime="20211214 16:53:28.850" endtime="20211214 16:53:28.902"/>
</kw>
<kw name="Input Text" library="SeleniumLibrary">
<arg>${pw_field}</arg>
<arg>${pw}</arg>
<doc>Types the given ``text`` into the text field identified by ``locator``.</doc>
<msg timestamp="20211214 16:53:28.902" level="INFO">Typing text 'Jeond333n@97' into text field '//*[@type="password"]'.</msg>
<status status="PASS" starttime="20211214 16:53:28.902" endtime="20211214 16:53:28.955"/>
</kw>
<kw name="Click Element" library="SeleniumLibrary">
<arg>${login_oauth_btn}</arg>
<doc>Click the element identified by ``locator``.</doc>
<msg timestamp="20211214 16:53:28.955" level="INFO">Clicking element '//*[text()="Log in"]'.</msg>
<status status="PASS" starttime="20211214 16:53:28.955" endtime="20211214 16:53:30.997"/>
</kw>
<status status="PASS" starttime="20211214 16:53:12.840" endtime="20211214 16:53:30.998"/>
</kw>
<kw name="ApiToken" library="common">
<kw name="Wait Until Page Does Not Contain Element" library="SeleniumLibrary">
<arg>dt_core_header_acc-info-preloader</arg>
<arg>60</arg>
<doc>Waits until the element ``locator`` disappears from the current page.</doc>
<status status="PASS" starttime="20211214 16:53:30.999" endtime="20211214 16:53:35.565"/>
</kw>
<kw name="Wait Until Page Contains Element" library="SeleniumLibrary">
<arg>${acc_setting}</arg>
<arg>60</arg>
<doc>Waits until the element ``locator`` appears on the current page.</doc>
<status status="PASS" starttime="20211214 16:53:35.565" endtime="20211214 16:53:35.575"/>
</kw>
<kw name="Click Element" library="SeleniumLibrary">
<arg>${acc_setting}</arg>
<doc>Click the element identified by ``locator``.</doc>
<msg timestamp="20211214 16:53:35.576" level="INFO">Clicking element '//*[@id="dt_core_header_acc-info-container"]/div[2]/div'.</msg>
<status status="PASS" starttime="20211214 16:53:35.576" endtime="20211214 16:53:35.664"/>
</kw>
<kw name="Wait Until Page Contains Element" library="SeleniumLibrary">
<arg>${api_tab}</arg>
<arg>60</arg>
<doc>Waits until the element ``locator`` appears on the current page.</doc>
<status status="PASS" starttime="20211214 16:53:35.665" endtime="20211214 16:53:37.174"/>
</kw>
<kw name="Click Element" library="SeleniumLibrary">
<arg>${api_tab}</arg>
<doc>Click the element identified by ``locator``.</doc>
<msg timestamp="20211214 16:53:37.174" level="INFO">Clicking element '//*[@id="dc_api-token_link"]'.</msg>
<status status="PASS" starttime="20211214 16:53:37.174" endtime="20211214 16:53:37.263"/>
</kw>
<kw name="Wait Until Page Contains Element" library="SeleniumLibrary">
<arg>${trade_btn}</arg>
<arg>60</arg>
<doc>Waits until the element ``locator`` appears on the current page.</doc>
<status status="PASS" starttime="20211214 16:53:37.263" endtime="20211214 16:53:38.125"/>
</kw>
<kw name="Click Element" library="SeleniumLibrary">
<arg>${trade_btn}</arg>
<doc>Click the element identified by ``locator``.</doc>
<msg timestamp="20211214 16:53:38.126" level="INFO">Clicking element '//*[@id="app_contents"]/div/div/div/div/div[2]/div/div[2]/div/section/div/div/form/div/div[1]/div[2]/div/div/div/div[2]'.</msg>
<status status="PASS" starttime="20211214 16:53:38.125" endtime="20211214 16:53:38.181"/>
</kw>
<kw name="Click Element" library="SeleniumLibrary">
<arg>${name_field}</arg>
<doc>Click the element identified by ``locator``.</doc>
<msg timestamp="20211214 16:53:38.182" level="INFO">Clicking element '//*[@id="app_contents"]/div/div/div/div/div[2]/div/div[2]/div/section/div/div/form/div/div[2]/div[2]/div/div/div/div/input'.</msg>
<status status="PASS" starttime="20211214 16:53:38.182" endtime="20211214 16:53:38.244"/>
</kw>
<kw name="Input Text" library="SeleniumLibrary">
<arg>${name_field}</arg>
<arg>Akari</arg>
<doc>Types the given ``text`` into the text field identified by ``locator``.</doc>
<msg timestamp="20211214 16:53:38.244" level="INFO">Typing text 'Akari' into text field '//*[@id="app_contents"]/div/div/div/div/div[2]/div/div[2]/div/section/div/div/form/div/div[2]/div[2]/div/div/div/div/input'.</msg>
<status status="PASS" starttime="20211214 16:53:38.244" endtime="20211214 16:53:38.333"/>
</kw>
<kw name="Click Element" library="SeleniumLibrary">
<arg>${create_btn}</arg>
<doc>Click the element identified by ``locator``.</doc>
<msg timestamp="20211214 16:53:38.333" level="INFO">Clicking element '//*[@id="app_contents"]/div/div/div/div/div[2]/div/div[2]/div/section/div/div/form/div/div[2]/div[2]/div/div/div/button'.</msg>
<status status="PASS" starttime="20211214 16:53:38.333" endtime="20211214 16:53:38.385"/>
</kw>
<status status="PASS" starttime="20211214 16:53:30.998" endtime="20211214 16:53:38.385"/>
</kw>
<kw name="DeleteToken" library="common">
<kw name="Wait Until Page Contains Element" library="SeleniumLibrary">
<arg>${delete_btn}</arg>
<arg>60</arg>
<doc>Waits until the element ``locator`` appears on the current page.</doc>
<status status="PASS" starttime="20211214 16:53:38.385" endtime="20211214 16:53:39.038"/>
</kw>
<kw name="Click Element" library="SeleniumLibrary">
<arg>${delete_btn}</arg>
<doc>Click the element identified by ``locator``.</doc>
<msg timestamp="20211214 16:53:39.039" level="INFO">Clicking element '//*[@id="app_contents"]/div/div/div/div/div[2]/div/div[2]/div/section/div/div/form/div/div[3]/div[2]/div/div/table/tbody/tr/td[5]/button'.</msg>
<status status="PASS" starttime="20211214 16:53:39.039" endtime="20211214 16:53:39.095"/>
</kw>
<kw name="Wait Until Page Contains Element" library="SeleniumLibrary">
<arg>${yes_btn}</arg>
<arg>60</arg>
<doc>Waits until the element ``locator`` appears on the current page.</doc>
<status status="PASS" starttime="20211214 16:53:39.095" endtime="20211214 16:53:39.107"/>
</kw>
<kw name="Click Element" library="SeleniumLibrary">
<arg>${yes_btn}</arg>
<doc>Click the element identified by ``locator``.</doc>
<msg timestamp="20211214 16:53:39.107" level="INFO">Clicking element '//*[@id="app_contents"]/div/div/div/div/div[2]/div/div[2]/div/section/div/div/form/div/div[3]/div[2]/div/div/table/tbody/tr/td[5]/div/button[2]'.</msg>
<status status="PASS" starttime="20211214 16:53:39.107" endtime="20211214 16:53:39.144"/>
</kw>
<status status="PASS" starttime="20211214 16:53:38.385" endtime="20211214 16:53:39.144"/>
</kw>
<kw name="DeactivateAcc" library="common">
<kw name="Wait Until Page Contains Element" library="SeleniumLibrary">
<arg>${deactivate_tab}</arg>
<arg>60</arg>
<doc>Waits until the element ``locator`` appears on the current page.</doc>
<status status="PASS" starttime="20211214 16:53:39.144" endtime="20211214 16:53:39.156"/>
</kw>
<kw name="Click Element" library="SeleniumLibrary">
<arg>${deactivate_tab}</arg>
<doc>Click the element identified by ``locator``.</doc>
<msg timestamp="20211214 16:53:39.156" level="INFO">Clicking element '//*[@id="dc_deactivate-account_link"]'.</msg>
<status status="PASS" starttime="20211214 16:53:39.156" endtime="20211214 16:53:39.227"/>
</kw>
<kw name="Wait Until Page Contains Element" library="SeleniumLibrary">
<arg>${deactivate_btn}</arg>
<arg>60</arg>
<doc>Waits until the element ``locator`` appears on the current page.</doc>
<status status="PASS" starttime="20211214 16:53:39.227" endtime="20211214 16:53:39.240"/>
</kw>
<kw name="Click Element" library="SeleniumLibrary">
<arg>${deactivate_btn}</arg>
<doc>Click the element identified by ``locator``.</doc>
<msg timestamp="20211214 16:53:39.240" level="INFO">Clicking element '//*[@id="app_contents"]/div/div/div/div/div[2]/div/div[2]/div/div/div/button'.</msg>
<status status="PASS" starttime="20211214 16:53:39.240" endtime="20211214 16:53:39.283"/>
</kw>
<kw name="Wait Until Page Contains Element" library="SeleniumLibrary">
<arg>${reason_btn}</arg>
<arg>60</arg>
<doc>Waits until the element ``locator`` appears on the current page.</doc>
<status status="PASS" starttime="20211214 16:53:39.283" endtime="20211214 16:53:39.292"/>
</kw>
<kw name="Click Element" library="SeleniumLibrary">
<arg>${reason_btn}</arg>
<doc>Click the element identified by ``locator``.</doc>
<msg timestamp="20211214 16:53:39.292" level="INFO">Clicking element '//*[@id="app_contents"]/div/div/div/div/div[2]/div/div[2]/div/div/div/form/label[1]/span[2]'.</msg>
<status status="PASS" starttime="20211214 16:53:39.292" endtime="20211214 16:53:39.342"/>
</kw>
<kw name="Click Element" library="SeleniumLibrary">
<arg>${platform}</arg>
<doc>Click the element identified by ``locator``.</doc>
<msg timestamp="20211214 16:53:39.342" level="INFO">Clicking element '//*[@id="app_contents"]/div/div/div/div/div[2]/div/div[2]/div/div/div/form/div[1]/textarea'.</msg>
<status status="PASS" starttime="20211214 16:53:39.342" endtime="20211214 16:53:39.379"/>
</kw>
<kw name="Input Text" library="SeleniumLibrary">
<arg>${platform}</arg>
<arg>binance</arg>
<doc>Types the given ``text`` into the text field identified by ``locator``.</doc>
<msg timestamp="20211214 16:53:39.380" level="INFO">Typing text 'binance' into text field '//*[@id="app_contents"]/div/div/div/div/div[2]/div/div[2]/div/div/div/form/div[1]/textarea'.</msg>
<status status="PASS" starttime="20211214 16:53:39.380" endtime="20211214 16:53:39.448"/>
</kw>
<kw name="Click Element" library="SeleniumLibrary">
<arg>${continue_btn}</arg>
<doc>Click the element identified by ``locator``.</doc>
<msg timestamp="20211214 16:53:39.449" level="INFO">Clicking element '//*[@id="app_contents"]/div/div/div/div/div[2]/div/div[2]/div/div/div/form/div[3]/div[2]/button[2]'.</msg>
<status status="PASS" starttime="20211214 16:53:39.448" endtime="20211214 16:53:39.513"/>
</kw>
<kw name="Wait Until Page Contains Element" library="SeleniumLibrary">
<arg>${confirm}</arg>
<arg>60</arg>
<doc>Waits until the element ``locator`` appears on the current page.</doc>
<status status="PASS" starttime="20211214 16:53:39.514" endtime="20211214 16:53:39.555"/>
</kw>
<kw name="Click Element" library="SeleniumLibrary">
<arg>${confirm}</arg>
<doc>Click the element identified by ``locator``.</doc>
<msg timestamp="20211214 16:53:39.555" level="INFO">Clicking element '//*[@id="modal_root"]/div/div/div/div[2]/button[2]'.</msg>
<status status="PASS" starttime="20211214 16:53:39.555" endtime="20211214 16:53:39.788"/>
</kw>
<status status="PASS" starttime="20211214 16:53:39.144" endtime="20211214 16:53:39.788"/>
</kw>
<status status="PASS" starttime="20211214 16:53:12.839" endtime="20211214 16:53:39.789"/>
</test>
<status status="PASS" starttime="20211214 16:53:12.757" endtime="20211214 16:53:39.789"/>
</suite>
<statistics>
<total>
<stat pass="1" fail="0" skip="0">All Tests</stat>
</total>
<tag>
</tag>
<suite>
<stat pass="1" fail="0" skip="0" id="s1" name="Test">Test</stat>
</suite>
</statistics>
<errors>
</errors>
</robot>
